<?xml version="1.0" encoding="UTF-8"?>
<testng-results ignored="0" total="1" passed="0" failed="1" skipped="0">
  <reporter-output>
  </reporter-output>
  <suite started-at="2023-07-02T20:34:21 IST" name="Default suite" finished-at="2023-07-02T20:34:28 IST" duration-ms="7777">
    <groups>
      <group name="cucumber">
        <method signature="AbstractTestNGCucumberTests.runScenario(io.cucumber.testng.PickleWrapper,io.cucumber.testng.FeatureWrapper)[pri:0, instance:TestRunner.testRunner@71154f21]" name="runScenario" class="io.cucumber.testng.AbstractTestNGCucumberTests"/>
      </group> <!-- cucumber -->
    </groups>
    <test started-at="2023-07-02T20:34:21 IST" name="Default test" finished-at="2023-07-02T20:34:28 IST" duration-ms="7777">
      <class name="TestRunner.testRunner">
        <test-method is-config="true" signature="setUpClass(org.testng.ITestContext)[pri:0, instance:TestRunner.testRunner@71154f21]" started-at="2023-07-02T20:34:21 IST" name="setUpClass" finished-at="2023-07-02T20:34:21 IST" duration-ms="460" status="PASS">
          <params>
            <param index="0">
              <value>
                <![CDATA[org.testng.TestRunner@23644367]]>
              </value>
            </param>
          </params>
          <reporter-output>
          </reporter-output>
        </test-method> <!-- setUpClass -->
        <test-method signature="runScenario(io.cucumber.testng.PickleWrapper,io.cucumber.testng.FeatureWrapper)[pri:0, instance:TestRunner.testRunner@71154f21]" started-at="2023-07-02T20:34:21 IST" name="runScenario" description="Runs Cucumber Scenarios" data-provider="scenarios" finished-at="2023-07-02T20:34:28 IST" duration-ms="7237" status="FAIL">
          <params>
            <param index="0">
              <value>
                <![CDATA["Hover and navigate to the required path"]]>
              </value>
            </param>
            <param index="1">
              <value>
                <![CDATA["Hover Function"]]>
              </value>
            </param>
          </params>
          <exception class="io.cucumber.java.PendingException">
            <message>
              <![CDATA[TODO: implement me]]>
            </message>
            <full-stacktrace>
              <![CDATA[io.cucumber.java.PendingException: TODO: implement me
at StepDefinitions.stefDef.validation_once_reached_to_the_website(stefDef.java:85)
at ✽.validation once reached to the website(file:///C:/Users/ramra/Git/SeleniumProjects/SeleniumFramework/CucumberFeatures/hover.feature:11)
]]>
            </full-stacktrace>
          </exception> <!-- io.cucumber.java.PendingException -->
          <reporter-output>
          </reporter-output>
        </test-method> <!-- runScenario -->
        <test-method is-config="true" signature="tearDownClass()[pri:0, instance:TestRunner.testRunner@71154f21]" started-at="2023-07-02T20:34:28 IST" name="tearDownClass" finished-at="2023-07-02T20:34:28 IST" duration-ms="22" status="PASS">
          <reporter-output>
          </reporter-output>
        </test-method> <!-- tearDownClass -->
      </class> <!-- TestRunner.testRunner -->
    </test> <!-- Default test -->
  </suite> <!-- Default suite -->
</testng-results>
